Arguments: 
  /usr/local/bin/node /usr/local/bin/yarn add lodash

PATH: 
  /usr/local/bin:/usr/bin:/bin:/usr/sbin:/sbin:/Users/zhaowenlong/Library/Android/sdk/platform-tools:/Users/zhaowenlong/Library/Android/sdk/tools:/Users/zhaowenlong/workspace/flutter/bin:/Users/zhaowenlong/Library/Android/sdk/platform-tools:/Users/zhaowenlong/Library/Android/sdk/tools:/Users/zhaowenlong/workspace/flutter/bin

Yarn version: 
  1.22.4

Node version: 
  12.16.3

Platform: 
  darwin x64

Trace: 
  Error: http://172.16.9.39:8907/repository/npm-group/lodash: ETIMEDOUT
      at Timeout._onTimeout (/usr/local/lib/node_modules/yarn/lib/cli.js:141408:19)
      at listOnTimeout (internal/timers.js:549:17)
      at processTimers (internal/timers.js:492:7)

npm manifest: 
  {
    "name": "code",
    "version": "1.0.0",
    "main": "index.js",
    "license": "MIT"
  }

yarn manifest: 
  No manifest

Lockfile: 
  No lockfile
